{
  "stats": {
    "suites": 1,
    "tests": 0,
    "passes": 0,
    "pending": 0,
    "failures": 0,
    "start": "2020-03-16T01:58:10.039Z",
    "end": "2020-03-16T01:58:17.622Z",
    "duration": 7583,
    "testsRegistered": 8,
    "passPercent": 0,
    "pendingPercent": 0,
    "other": 1,
    "hasOther": true,
    "skipped": 8,
    "hasSkipped": true
  },
  "results": [
    {
      "uuid": "b928a4e1-999a-4fe1-8853-04d4c759aa86",
      "title": "",
      "fullFile": "",
      "file": "",
      "beforeHooks": [],
      "afterHooks": [],
      "tests": [],
      "suites": [
        {
          "uuid": "f626e7c2-ef6f-4417-81be-39c29673d2ef",
          "title": "组件库访问",
          "fullFile": "",
          "file": "",
          "beforeHooks": [],
          "afterHooks": [],
          "tests": [
            {
              "title": "简单的点击和输入测试",
              "fullTitle": "组件库访问 简单的点击和输入测试",
              "timedOut": null,
              "duration": 6582,
              "state": "failed",
              "speed": null,
              "pass": false,
              "fail": true,
              "pending": false,
              "context": null,
              "code": "cy.title().should('include', 'AdvancedSearch');\ncy.wait(3000);\ncy.get('iframe').iframe('#root').find('input[name=\"name\"]').type('18', {\n  force: true\n});\ncy.get('iframe').iframe('body').find('input[name=\"name\"]').should('have.class', 'ant-input');\ncy.get('#showConfig').click();\ncy.contains('BaseForm').click();\ncy.contains('基础使用(with formitem)').click();\ncy.get('iframe').iframe('body').should('exist');\ncy.wait(1000);\ncy.get('iframe').iframe('#root').find('input[name=\"name\"]').type('18', {\n  force: true\n});\ncy.get('iframe').iframe('body').find('input[name=\"age\"]').type('18', {\n  force: true\n});\ncy.get('iframe').iframe('body').find('input[name=\"age\"]').clear();\ncy.get('iframe').iframe('body').find('input[name=\"sex\"]').type('男', {\n  force: true\n});",
              "err": {
                "message": "CypressError: cy.visit() failed trying to load:\n\nhttp://192.168.200.178:6006/\n\nThe response we received from your web server was:\n\n  > 500: Server Error\n\nThis was considered a failure because the status code was not '2xx'.\n\nIf you do not want status codes to cause failures pass the option: 'failOnStatusCode: false'\n\nBecause this error occurred during a 'before each' hook we are skipping the remaining tests in the current suite: '组件库访问'",
                "estack": "CypressError: cy.visit() failed trying to load:\n\nhttp://192.168.200.178:6006/\n\nThe response we received from your web server was:\n\n  > 500: Server Error\n\nThis was considered a failure because the status code was not '2xx'.\n\nIf you do not want status codes to cause failures pass the option: 'failOnStatusCode: false'\n\nBecause this error occurred during a 'before each' hook we are skipping the remaining tests in the current suite: '组件库访问'\n    at Object.cypressErr (http://localhost:58005/__cypress/runner/cypress_runner.js:85007:11)\n    at Object.throwErr (http://localhost:58005/__cypress/runner/cypress_runner.js:84960:18)\n    at Object.throwErrByPath (http://localhost:58005/__cypress/runner/cypress_runner.js:84991:17)\n    at http://localhost:58005/__cypress/runner/cypress_runner.js:74905:31\n    at visitFailedByErr (http://localhost:58005/__cypress/runner/cypress_runner.js:74464:12)\n    at http://localhost:58005/__cypress/runner/cypress_runner.js:74886:22\n    at tryCatcher (http://localhost:58005/__cypress/runner/cypress_runner.js:134260:23)\n    at Promise._settlePromiseFromHandler (http://localhost:58005/__cypress/runner/cypress_runner.js:132278:31)\n    at Promise._settlePromise (http://localhost:58005/__cypress/runner/cypress_runner.js:132335:18)\n    at Promise._settlePromise0 (http://localhost:58005/__cypress/runner/cypress_runner.js:132380:10)\n    at Promise._settlePromises (http://localhost:58005/__cypress/runner/cypress_runner.js:132455:18)\n    at Async._drainQueue (http://localhost:58005/__cypress/runner/cypress_runner.js:129184:16)\n    at Async._drainQueues (http://localhost:58005/__cypress/runner/cypress_runner.js:129194:10)\n    at Async.drainQueues (http://localhost:58005/__cypress/runner/cypress_runner.js:129068:14)",
                "diff": null
              },
              "uuid": "fd432f20-c949-47a1-b785-3f1a0060a365",
              "parentUUID": "f626e7c2-ef6f-4417-81be-39c29673d2ef",
              "isHook": false,
              "skipped": false
            },
            {
              "title": "ButtonGroups 组件测试",
              "fullTitle": "组件库访问 ButtonGroups 组件测试",
              "timedOut": null,
              "duration": 0,
              "state": "skipped",
              "speed": null,
              "pass": false,
              "fail": false,
              "pending": false,
              "context": null,
              "code": "cy.get(\"#buttongroups\").click();\ncy.get('#buttongroups--基础使用 > :nth-child(3)').click();\ncy.wait(1000);\ncy.get('input[name=\"showSize\"]').clear();\ncy.get('input[name=\"showSize\"]').should('have.attr', 'value', '5');\ncy.get('input[name=\"showSize\"]').type(123);\ncy.get('select[name=\"viewMode\"]').select('\"text\"');\ncy.contains('\"text\"').should('exist');\ncy.get('iframe').iframe('body').find('.ant-btn-group > :nth-child(1)').trigger('mouseover').should('have.class', 'ant-tooltip-open');\ncy.get('#buttongroups--handleclick > :nth-child(3)').click();\ncy.wait(1000); // 测试注意一点:有些想当然的文字可能中间会有空格\ncy.get('iframe').iframe('body').contains('新 增').should('not.exist');\ncy.get('select[name=\"viewMode\"]').select('\"icon\"');\ncy.get('iframe').iframe('body').contains('新 增').should('exist');",
              "err": {},
              "uuid": "c3b20134-6ac7-492d-a6c5-f0273275e77f",
              "parentUUID": "f626e7c2-ef6f-4417-81be-39c29673d2ef",
              "isHook": false,
              "skipped": true
            },
            {
              "title": "DataTable 组件测试",
              "fullTitle": "组件库访问 DataTable 组件测试",
              "timedOut": null,
              "duration": 0,
              "state": "skipped",
              "speed": null,
              "pass": false,
              "fail": false,
              "pending": false,
              "context": null,
              "code": "cy.contains('DataTable').click();\ncy.get('#datatable--基础使用').click();\ncy.wait(1000);\ncy.get('iframe').iframe('body').find('.ant-table-pagination').should('exist');\ncy.contains('去除分页').click();\ncy.wait(1000);\ncy.get('iframe').iframe('body').find('.ant-table-pagination').should('not.exist');",
              "err": {},
              "uuid": "35902ab9-f5ad-4c43-ae18-d64c27aab2d6",
              "parentUUID": "f626e7c2-ef6f-4417-81be-39c29673d2ef",
              "isHook": false,
              "skipped": true
            },
            {
              "title": "DetailTable 组件测试",
              "fullTitle": "组件库访问 DetailTable 组件测试",
              "timedOut": null,
              "duration": 0,
              "state": "skipped",
              "speed": null,
              "pass": false,
              "fail": false,
              "pending": false,
              "context": null,
              "code": "cy.contains('DetailTable').click();\ncy.get('#detailtable--基础使用-data为json > :nth-child(3)').click();\ncy.get('iframe').iframe('body').find('.ant-table-tbody >:nth-child(1)').find('th').its('length').should('eq', 2);\ncy.get('input[name=\"columnNumber\"]').clear();\ncy.get('iframe').iframe('body').contains('列数必须大于0').should('exist');\ncy.get('input[name=\"columnNumber\"]').clear().type('3');\ncy.wait(1000);\ncy.get('iframe').iframe('body').find('.ant-table-tbody >:nth-child(1)').find('th').its('length').should('be.gt', 2);\ncy.get('iframe').iframe('body').find('.ant-table-tbody >:nth-child(1)').find('th').its('length').should('eq', 3);",
              "err": {},
              "uuid": "82df9a05-051d-46f4-93b4-135148b6db25",
              "parentUUID": "f626e7c2-ef6f-4417-81be-39c29673d2ef",
              "isHook": false,
              "skipped": true
            },
            {
              "title": "Ellipsis 组件测试",
              "fullTitle": "组件库访问 Ellipsis 组件测试",
              "timedOut": null,
              "duration": 0,
              "state": "skipped",
              "speed": null,
              "pass": false,
              "fail": false,
              "pending": false,
              "context": null,
              "code": "cy.contains('Ellipsis').click();\ncy.get('#ellipsis--text值与鼠标移上时不同 > :nth-child(3)').click();\ncy.get('textarea[name=\"text\"]').should('have.value', '这是一个Ellipsis基础用法接收的text');\ncy.get('textarea[name=\"tooltiptext\"]').should('have.value', '这是一个tooltiptext扩展用法自定义的tooltiptext值');\ncy.get('iframe').iframe('body').contains('这是一个Ellipsis基础用法接收的text').should('exist');\ncy.get('iframe').iframe('body').contains('这是一个tooltiptext扩展用法自定义的tooltiptext值').should('not.exist');\ncy.get('iframe').iframe('body').contains('这是一个Ellipsis基础用法接收的text').trigger('mouseover').then(function ($node) {\n  cy.get($node).should('have.class', 'ant-tooltip-open');\n  cy.get('iframe').iframe('body').contains('这是一个Ellipsis基础用法接收的text').should('exist');\n  cy.get('iframe').iframe('body').contains('这是一个tooltiptext扩展用法自定义的tooltiptext值').should('exist');\n});",
              "err": {},
              "uuid": "a7fe46b9-91ae-48ec-845e-638c47f386da",
              "parentUUID": "f626e7c2-ef6f-4417-81be-39c29673d2ef",
              "isHook": false,
              "skipped": true
            },
            {
              "title": "Panel 组件测试",
              "fullTitle": "组件库访问 Panel 组件测试",
              "timedOut": null,
              "duration": 0,
              "state": "skipped",
              "speed": null,
              "pass": false,
              "fail": false,
              "pending": false,
              "context": null,
              "code": "cy.contains('Panel').click();\ncy.get('#panel--基础用法').click();\ncy.get('iframe').iframe('body').find('.ant-spin-spinning').should('not.exist');\ncy.wait(300);\ncy.get('input[name=\"loading\"]').should('be.visible').click().then(function ($node) {\n  cy.get('iframe').iframe('body').find('.ant-spin-spinning').should('exist');\n});\ncy.get('iframe').iframe('body').contains('确定').should('not.exist');\ncy.get('#okText').type('确定').then(function ($node) {\n  cy.get('iframe').iframe('body').contains('确定').should('exist');\n});\ncy.get('iframe').iframe('body').contains('取消吧').should('not.exist');\ncy.get('#cancelText').type('取消吧').then(function ($node) {\n  cy.get('iframe').iframe('body').contains('取消吧').should('exist');\n});",
              "err": {},
              "uuid": "77a6eba6-4e70-415a-816f-411a3010cb11",
              "parentUUID": "f626e7c2-ef6f-4417-81be-39c29673d2ef",
              "isHook": false,
              "skipped": true
            },
            {
              "title": "快照测试",
              "fullTitle": "组件库访问 快照测试",
              "timedOut": null,
              "duration": 0,
              "state": "skipped",
              "speed": null,
              "pass": false,
              "fail": false,
              "pending": false,
              "context": null,
              "code": "cy.contains('Panel').click();\ncy.get('#panel--基础用法').click().then(function () {\n  cy.wait(1000);\n  cy.document().toMatchSnapshot();\n});",
              "err": {},
              "uuid": "e8e87a63-5215-43ee-958f-51d53bc88c35",
              "parentUUID": "f626e7c2-ef6f-4417-81be-39c29673d2ef",
              "isHook": false,
              "skipped": true
            },
            {
              "title": "图片比对",
              "fullTitle": "组件库访问 图片比对",
              "timedOut": null,
              "duration": 0,
              "state": "skipped",
              "speed": null,
              "pass": false,
              "fail": false,
              "pending": false,
              "context": null,
              "code": "cy.contains('Panel').click();\ncy.get('#panel--基础用法').click(); // cy.get('#advancedsearch--更多查询项时出现扩展').click()\ncy.document().toMatchImageSnapshot();",
              "err": {},
              "uuid": "dd88c931-ac71-405f-85e9-27cf23ae322f",
              "parentUUID": "f626e7c2-ef6f-4417-81be-39c29673d2ef",
              "isHook": false,
              "skipped": true
            }
          ],
          "suites": [],
          "passes": [],
          "failures": [
            "fd432f20-c949-47a1-b785-3f1a0060a365"
          ],
          "pending": [],
          "skipped": [
            "c3b20134-6ac7-492d-a6c5-f0273275e77f",
            "35902ab9-f5ad-4c43-ae18-d64c27aab2d6",
            "82df9a05-051d-46f4-93b4-135148b6db25",
            "a7fe46b9-91ae-48ec-845e-638c47f386da",
            "77a6eba6-4e70-415a-816f-411a3010cb11",
            "e8e87a63-5215-43ee-958f-51d53bc88c35",
            "dd88c931-ac71-405f-85e9-27cf23ae322f"
          ],
          "duration": 6582,
          "root": false,
          "rootEmpty": false,
          "_timeout": 2000
        }
      ],
      "passes": [],
      "failures": [],
      "pending": [],
      "skipped": [],
      "duration": 0,
      "root": true,
      "rootEmpty": true,
      "_timeout": 2000
    }
  ],
  "meta": {
    "mocha": {
      "version": "5.2.0"
    },
    "mochawesome": {
      "options": {
        "quiet": false,
        "reportFilename": "mochawesome",
        "saveHtml": false,
        "saveJson": true,
        "consoleReporter": "spec",
        "useInlineDiffs": false
      },
      "version": "4.1.0"
    },
    "marge": {
      "options": {
        "reportDir": "cypress/report/mochawesome-report",
        "overwrite": false,
        "html": false,
        "json": true,
        "timestamp": "mmddyyyy_HHMMss"
      },
      "version": "4.1.0"
    }
  }
}