{
  "stats": {
    "suites": 1,
    "tests": 0,
    "passes": 0,
    "pending": 0,
    "failures": 0,
    "start": "2020-03-13T01:01:47.016Z",
    "end": "2020-03-13T01:01:56.189Z",
    "duration": 9173,
    "testsRegistered": 1,
    "passPercent": 0,
    "pendingPercent": 0,
    "other": 1,
    "hasOther": true,
    "skipped": 1,
    "hasSkipped": true
  },
  "results": [
    {
      "uuid": "2384e8de-b74b-4776-b0db-9a3a6615b8cd",
      "title": "",
      "fullFile": "",
      "file": "",
      "beforeHooks": [],
      "afterHooks": [],
      "tests": [],
      "suites": [
        {
          "uuid": "24da1a20-5098-4bc0-bf6c-605d66d075fd",
          "title": "396",
          "fullFile": "",
          "file": "",
          "beforeHooks": [],
          "afterHooks": [],
          "tests": [
            {
              "title": "cypress 截图功能",
              "fullTitle": "396 cypress 截图功能",
              "timedOut": null,
              "duration": 8893,
              "state": "failed",
              "speed": null,
              "pass": false,
              "fail": true,
              "pending": false,
              "context": null,
              "code": "cy.screenshot();",
              "err": {
                "message": "CypressError: cy.visit() failed trying to load:\n\nhttp://192.168.60.24:3000/\n\nWe attempted to make an http request to this URL but the request failed without a response.\n\nWe received this error at the network level:\n\n  > Error: connect ECONNREFUSED 192.168.60.24:3000\n\nCommon situations why this would fail:\n  - you don't have internet access\n  - you forgot to run / boot your web server\n  - your web server isn't accessible\n  - you have weird network configuration settings on your computer\n\nThe stack trace for this error is:\n\nError: connect ECONNREFUSED 192.168.60.24:3000\n    at Object._errnoException (util.js:1024:11)\n    at _exceptionWithHostPort (util.js:1046:20)\n    at TCPConnectWrap.afterConnect [as oncomplete] (net.js:1182:14)\n\n\nBecause this error occurred during a 'before each' hook we are skipping the remaining tests in the current suite: '396'",
                "estack": "CypressError: cy.visit() failed trying to load:\n\nhttp://192.168.60.24:3000/\n\nWe attempted to make an http request to this URL but the request failed without a response.\n\nWe received this error at the network level:\n\n  > Error: connect ECONNREFUSED 192.168.60.24:3000\n\nCommon situations why this would fail:\n  - you don't have internet access\n  - you forgot to run / boot your web server\n  - your web server isn't accessible\n  - you have weird network configuration settings on your computer\n\nThe stack trace for this error is:\n\nError: connect ECONNREFUSED 192.168.60.24:3000\n    at Object._errnoException (util.js:1024:11)\n    at _exceptionWithHostPort (util.js:1046:20)\n    at TCPConnectWrap.afterConnect [as oncomplete] (net.js:1182:14)\n\n\nBecause this error occurred during a 'before each' hook we are skipping the remaining tests in the current suite: '396'\n    at Object.cypressErr (http://localhost:58620/__cypress/runner/cypress_runner.js:85007:11)\n    at Object.throwErr (http://localhost:58620/__cypress/runner/cypress_runner.js:84960:18)\n    at Object.throwErrByPath (http://localhost:58620/__cypress/runner/cypress_runner.js:84991:17)\n    at http://localhost:58620/__cypress/runner/cypress_runner.js:74912:31\n    at visitFailedByErr (http://localhost:58620/__cypress/runner/cypress_runner.js:74464:12)\n    at http://localhost:58620/__cypress/runner/cypress_runner.js:74911:22\n    at tryCatcher (http://localhost:58620/__cypress/runner/cypress_runner.js:134260:23)\n    at Promise._settlePromiseFromHandler (http://localhost:58620/__cypress/runner/cypress_runner.js:132278:31)\n    at Promise._settlePromise (http://localhost:58620/__cypress/runner/cypress_runner.js:132335:18)\n    at Promise._settlePromise0 (http://localhost:58620/__cypress/runner/cypress_runner.js:132380:10)\n    at Promise._settlePromises (http://localhost:58620/__cypress/runner/cypress_runner.js:132455:18)\n    at Async._drainQueue (http://localhost:58620/__cypress/runner/cypress_runner.js:129184:16)\n    at Async._drainQueues (http://localhost:58620/__cypress/runner/cypress_runner.js:129194:10)\n    at Async.drainQueues (http://localhost:58620/__cypress/runner/cypress_runner.js:129068:14)",
                "diff": null
              },
              "uuid": "951bef99-c4f8-47da-be87-4ed61811d33b",
              "parentUUID": "24da1a20-5098-4bc0-bf6c-605d66d075fd",
              "isHook": false,
              "skipped": false
            }
          ],
          "suites": [],
          "passes": [],
          "failures": [
            "951bef99-c4f8-47da-be87-4ed61811d33b"
          ],
          "pending": [],
          "skipped": [],
          "duration": 8893,
          "root": false,
          "rootEmpty": false,
          "_timeout": 2000
        }
      ],
      "passes": [],
      "failures": [],
      "pending": [],
      "skipped": [],
      "duration": 0,
      "root": true,
      "rootEmpty": true,
      "_timeout": 2000
    }
  ],
  "meta": {
    "mocha": {
      "version": "5.2.0"
    },
    "mochawesome": {
      "options": {
        "quiet": false,
        "reportFilename": "mochawesome",
        "saveHtml": false,
        "saveJson": true,
        "consoleReporter": "spec",
        "useInlineDiffs": false
      },
      "version": "4.1.0"
    },
    "marge": {
      "options": {
        "reportDir": "cypress/report/mochawesome-report",
        "overwrite": false,
        "html": false,
        "json": true,
        "timestamp": "mmddyyyy_HHMMss"
      },
      "version": "4.1.0"
    }
  }
}