{
  "stats": {
    "suites": 1,
    "tests": 0,
    "passes": 0,
    "pending": 0,
    "failures": 0,
    "start": "2020-03-16T01:57:58.225Z",
    "end": "2020-03-16T01:58:04.192Z",
    "duration": 5967,
    "testsRegistered": 1,
    "passPercent": 0,
    "pendingPercent": 0,
    "other": 1,
    "hasOther": true,
    "skipped": 1,
    "hasSkipped": true
  },
  "results": [
    {
      "uuid": "3b45e46e-449c-43e0-9d9a-8c3d36446e4e",
      "title": "",
      "fullFile": "",
      "file": "",
      "beforeHooks": [],
      "afterHooks": [],
      "tests": [],
      "suites": [
        {
          "uuid": "3568eb04-a210-40d8-bab6-aa98df620688",
          "title": "396",
          "fullFile": "",
          "file": "",
          "beforeHooks": [],
          "afterHooks": [],
          "tests": [
            {
              "title": "cypress 截图功能",
              "fullTitle": "396 cypress 截图功能",
              "timedOut": null,
              "duration": 3948,
              "state": "failed",
              "speed": null,
              "pass": false,
              "fail": true,
              "pending": false,
              "context": null,
              "code": "cy.screenshot();",
              "err": {
                "message": "CypressError: cy.visit() failed trying to load:\n\nhttp://192.168.60.24:3000/\n\nThe response we received from your web server was:\n\n  > 500: Server Error\n\nThis was considered a failure because the status code was not '2xx'.\n\nIf you do not want status codes to cause failures pass the option: 'failOnStatusCode: false'\n\nBecause this error occurred during a 'before each' hook we are skipping the remaining tests in the current suite: '396'",
                "estack": "CypressError: cy.visit() failed trying to load:\n\nhttp://192.168.60.24:3000/\n\nThe response we received from your web server was:\n\n  > 500: Server Error\n\nThis was considered a failure because the status code was not '2xx'.\n\nIf you do not want status codes to cause failures pass the option: 'failOnStatusCode: false'\n\nBecause this error occurred during a 'before each' hook we are skipping the remaining tests in the current suite: '396'\n    at Object.cypressErr (http://localhost:58005/__cypress/runner/cypress_runner.js:85007:11)\n    at Object.throwErr (http://localhost:58005/__cypress/runner/cypress_runner.js:84960:18)\n    at Object.throwErrByPath (http://localhost:58005/__cypress/runner/cypress_runner.js:84991:17)\n    at http://localhost:58005/__cypress/runner/cypress_runner.js:74905:31\n    at visitFailedByErr (http://localhost:58005/__cypress/runner/cypress_runner.js:74464:12)\n    at http://localhost:58005/__cypress/runner/cypress_runner.js:74886:22\n    at tryCatcher (http://localhost:58005/__cypress/runner/cypress_runner.js:134260:23)\n    at Promise._settlePromiseFromHandler (http://localhost:58005/__cypress/runner/cypress_runner.js:132278:31)\n    at Promise._settlePromise (http://localhost:58005/__cypress/runner/cypress_runner.js:132335:18)\n    at Promise._settlePromise0 (http://localhost:58005/__cypress/runner/cypress_runner.js:132380:10)\n    at Promise._settlePromises (http://localhost:58005/__cypress/runner/cypress_runner.js:132455:18)\n    at Async._drainQueue (http://localhost:58005/__cypress/runner/cypress_runner.js:129184:16)\n    at Async._drainQueues (http://localhost:58005/__cypress/runner/cypress_runner.js:129194:10)\n    at Async.drainQueues (http://localhost:58005/__cypress/runner/cypress_runner.js:129068:14)",
                "diff": null
              },
              "uuid": "47a0efed-558b-413f-aee1-290f92555e6d",
              "parentUUID": "3568eb04-a210-40d8-bab6-aa98df620688",
              "isHook": false,
              "skipped": false
            }
          ],
          "suites": [],
          "passes": [],
          "failures": [
            "47a0efed-558b-413f-aee1-290f92555e6d"
          ],
          "pending": [],
          "skipped": [],
          "duration": 3948,
          "root": false,
          "rootEmpty": false,
          "_timeout": 2000
        }
      ],
      "passes": [],
      "failures": [],
      "pending": [],
      "skipped": [],
      "duration": 0,
      "root": true,
      "rootEmpty": true,
      "_timeout": 2000
    }
  ],
  "meta": {
    "mocha": {
      "version": "5.2.0"
    },
    "mochawesome": {
      "options": {
        "quiet": false,
        "reportFilename": "mochawesome",
        "saveHtml": false,
        "saveJson": true,
        "consoleReporter": "spec",
        "useInlineDiffs": false
      },
      "version": "4.1.0"
    },
    "marge": {
      "options": {
        "reportDir": "cypress/report/mochawesome-report",
        "overwrite": false,
        "html": false,
        "json": true,
        "timestamp": "mmddyyyy_HHMMss"
      },
      "version": "4.1.0"
    }
  }
}